mode: atomic
github.com/rkoster/deskrun/internal/cluster/cluster.go:21.55,26.2 1 0
github.com/rkoster/deskrun/internal/cluster/cluster.go:29.61,31.16 2 0
github.com/rkoster/deskrun/internal/cluster/cluster.go:31.16,33.3 1 0
github.com/rkoster/deskrun/internal/cluster/cluster.go:36.2,36.32 1 0
github.com/rkoster/deskrun/internal/cluster/cluster.go:36.32,37.28 1 0
github.com/rkoster/deskrun/internal/cluster/cluster.go:37.28,39.4 1 0
github.com/rkoster/deskrun/internal/cluster/cluster.go:42.2,42.19 1 0
github.com/rkoster/deskrun/internal/cluster/cluster.go:46.53,48.16 2 0
github.com/rkoster/deskrun/internal/cluster/cluster.go:48.16,50.3 1 0
github.com/rkoster/deskrun/internal/cluster/cluster.go:52.2,52.12 1 0
github.com/rkoster/deskrun/internal/cluster/cluster.go:52.12,54.3 1 0
github.com/rkoster/deskrun/internal/cluster/cluster.go:57.2,64.16 3 0
github.com/rkoster/deskrun/internal/cluster/cluster.go:64.16,66.3 1 0
github.com/rkoster/deskrun/internal/cluster/cluster.go:68.2,68.12 1 0
github.com/rkoster/deskrun/internal/cluster/cluster.go:72.53,74.16 2 0
github.com/rkoster/deskrun/internal/cluster/cluster.go:74.16,76.3 1 0
github.com/rkoster/deskrun/internal/cluster/cluster.go:78.2,78.13 1 0
github.com/rkoster/deskrun/internal/cluster/cluster.go:78.13,80.3 1 0
github.com/rkoster/deskrun/internal/cluster/cluster.go:83.2,84.16 2 0
github.com/rkoster/deskrun/internal/cluster/cluster.go:84.16,86.3 1 0
github.com/rkoster/deskrun/internal/cluster/cluster.go:88.2,88.12 1 0
github.com/rkoster/deskrun/internal/cluster/cluster.go:92.59,96.49 2 0
github.com/rkoster/deskrun/internal/cluster/cluster.go:96.49,101.3 1 0
github.com/rkoster/deskrun/internal/cluster/cluster.go:104.2,109.44 2 0
github.com/rkoster/deskrun/internal/cluster/cluster.go:109.44,110.48 1 0
github.com/rkoster/deskrun/internal/cluster/cluster.go:110.48,115.9 2 0
github.com/rkoster/deskrun/internal/cluster/cluster.go:119.2,119.28 1 0
github.com/rkoster/deskrun/internal/cluster/cluster.go:123.55,140.30 4 0
github.com/rkoster/deskrun/internal/cluster/cluster.go:140.30,146.3 1 0
github.com/rkoster/deskrun/internal/cluster/cluster.go:148.2,148.31 1 0
github.com/rkoster/deskrun/internal/cluster/cluster.go:148.31,155.3 2 0
github.com/rkoster/deskrun/internal/cluster/cluster.go:157.2,157.26 1 0
github.com/rkoster/deskrun/internal/cluster/cluster.go:157.26,159.3 1 0
github.com/rkoster/deskrun/internal/cluster/cluster.go:161.2,162.15 2 0
github.com/rkoster/deskrun/internal/cluster/cluster.go:166.42,168.2 1 0
github.com/rkoster/deskrun/cmd/deskrun/main.go:10.13,11.38 1 0
github.com/rkoster/deskrun/cmd/deskrun/main.go:11.38,14.3 2 0
github.com/rkoster/deskrun/internal/kapp/kapp.go:40.54,45.2 1 0
github.com/rkoster/deskrun/internal/kapp/kapp.go:48.68,62.16 3 0
github.com/rkoster/deskrun/internal/kapp/kapp.go:62.16,64.3 1 0
github.com/rkoster/deskrun/internal/kapp/kapp.go:66.2,66.12 1 0
github.com/rkoster/deskrun/internal/kapp/kapp.go:70.47,83.16 3 0
github.com/rkoster/deskrun/internal/kapp/kapp.go:83.16,85.3 1 0
github.com/rkoster/deskrun/internal/kapp/kapp.go:87.2,87.12 1 0
github.com/rkoster/deskrun/internal/kapp/kapp.go:106.43,118.16 3 0
github.com/rkoster/deskrun/internal/kapp/kapp.go:118.16,120.47 1 0
github.com/rkoster/deskrun/internal/kapp/kapp.go:120.47,123.45 2 0
github.com/rkoster/deskrun/internal/kapp/kapp.go:123.45,125.5 1 0
github.com/rkoster/deskrun/internal/kapp/kapp.go:126.4,126.75 1 0
github.com/rkoster/deskrun/internal/kapp/kapp.go:128.3,128.54 1 0
github.com/rkoster/deskrun/internal/kapp/kapp.go:132.2,133.60 2 0
github.com/rkoster/deskrun/internal/kapp/kapp.go:133.60,135.3 1 0
github.com/rkoster/deskrun/internal/kapp/kapp.go:138.2,139.32 2 0
github.com/rkoster/deskrun/internal/kapp/kapp.go:139.32,140.49 1 0
github.com/rkoster/deskrun/internal/kapp/kapp.go:140.49,141.22 1 0
github.com/rkoster/deskrun/internal/kapp/kapp.go:141.22,143.5 1 0
github.com/rkoster/deskrun/internal/kapp/kapp.go:147.2,147.19 1 0
github.com/rkoster/deskrun/internal/kapp/kapp.go:151.83,167.16 5 0
github.com/rkoster/deskrun/internal/kapp/kapp.go:167.16,169.47 1 0
github.com/rkoster/deskrun/internal/kapp/kapp.go:169.47,171.4 1 0
github.com/rkoster/deskrun/internal/kapp/kapp.go:172.3,172.56 1 0
github.com/rkoster/deskrun/internal/kapp/kapp.go:175.2,175.28 1 0
github.com/rkoster/deskrun/internal/kapp/kapp.go:179.74,181.16 2 0
github.com/rkoster/deskrun/internal/kapp/kapp.go:181.16,183.3 1 0
github.com/rkoster/deskrun/internal/kapp/kapp.go:186.2,187.68 2 0
github.com/rkoster/deskrun/internal/kapp/kapp.go:187.68,189.3 1 0
github.com/rkoster/deskrun/internal/kapp/kapp.go:191.2,191.25 1 0
github.com/rkoster/deskrun/internal/runner/template_spec/matchers/yaml_matcher.go:23.65,31.2 2 0
github.com/rkoster/deskrun/internal/runner/template_spec/matchers/yaml_matcher.go:34.75,37.18 2 0
github.com/rkoster/deskrun/internal/runner/template_spec/matchers/yaml_matcher.go:37.18,39.3 1 0
github.com/rkoster/deskrun/internal/runner/template_spec/matchers/yaml_matcher.go:41.2,41.24 1 0
github.com/rkoster/deskrun/internal/runner/template_spec/matchers/yaml_matcher.go:45.53,48.15 2 0
github.com/rkoster/deskrun/internal/runner/template_spec/matchers/yaml_matcher.go:48.15,49.48 1 0
github.com/rkoster/deskrun/internal/runner/template_spec/matchers/yaml_matcher.go:49.48,51.4 1 0
github.com/rkoster/deskrun/internal/runner/template_spec/matchers/yaml_matcher.go:55.2,55.80 1 0
github.com/rkoster/deskrun/internal/runner/template_spec/matchers/yaml_matcher.go:55.80,57.3 1 0
github.com/rkoster/deskrun/internal/runner/template_spec/matchers/yaml_matcher.go:59.2,59.18 1 0
github.com/rkoster/deskrun/internal/runner/template_spec/matchers/yaml_matcher.go:63.51,66.16 2 0
github.com/rkoster/deskrun/internal/runner/template_spec/matchers/yaml_matcher.go:66.16,68.3 1 0
github.com/rkoster/deskrun/internal/runner/template_spec/matchers/yaml_matcher.go:69.2,73.80 2 0
github.com/rkoster/deskrun/internal/runner/template_spec/matchers/yaml_matcher.go:77.65,78.18 1 0
github.com/rkoster/deskrun/internal/runner/template_spec/matchers/yaml_matcher.go:78.18,80.3 1 0
github.com/rkoster/deskrun/internal/runner/template_spec/matchers/yaml_matcher.go:82.2,88.3 1 0
github.com/rkoster/deskrun/internal/runner/template_spec/matchers/yaml_matcher.go:92.72,93.18 1 0
github.com/rkoster/deskrun/internal/runner/template_spec/matchers/yaml_matcher.go:93.18,95.3 1 0
github.com/rkoster/deskrun/internal/runner/template_spec/matchers/yaml_matcher.go:97.2,100.3 1 0
github.com/rkoster/deskrun/internal/runner/template_spec/matchers/yaml_matcher.go:104.51,105.72 1 0
github.com/rkoster/deskrun/internal/runner/template_spec/matchers/yaml_matcher.go:105.72,107.3 1 0
github.com/rkoster/deskrun/internal/runner/template_spec/matchers/yaml_matcher.go:109.2,109.69 1 0
github.com/rkoster/deskrun/internal/runner/template_spec/matchers/yaml_matcher.go:113.41,114.27 1 0
github.com/rkoster/deskrun/internal/runner/template_spec/matchers/yaml_matcher.go:115.14,116.11 1 0
github.com/rkoster/deskrun/internal/runner/template_spec/matchers/yaml_matcher.go:117.14,118.19 1 0
github.com/rkoster/deskrun/internal/runner/template_spec/matchers/yaml_matcher.go:119.11,120.30 1 0
github.com/rkoster/deskrun/internal/runner/template_spec/matchers/yaml_matcher.go:121.10,122.30 1 0
